<?xml version="1.0" encoding="UTF-8"?>
<testng-results skipped="0" failed="0" ignored="0" total="1" passed="1">
  <reporter-output>
  </reporter-output>
  <suite name="Default suite" duration-ms="27476" started-at="2020-03-08T12:50:43Z" finished-at="2020-03-08T12:51:10Z">
    <groups>
      <group name="cucumber">
        <method signature="TestRunner.feature(cucumber.api.testng.CucumberFeatureWrapper)[pri:0, instance:com.cucumberFramework.testRunner.TestRunner@d818d1]" name="feature" class="com.cucumberFramework.testRunner.TestRunner"/>
      </group> <!-- cucumber -->
    </groups>
    <test name="Default test" duration-ms="27476" started-at="2020-03-08T12:50:43Z" finished-at="2020-03-08T12:51:10Z">
      <class name="com.cucumberFramework.testRunner.TestRunner">
        <test-method status="PASS" signature="SetUpClass()[pri:0, instance:com.cucumberFramework.testRunner.TestRunner@d818d1]" name="SetUpClass" is-config="true" duration-ms="842" started-at="2020-03-08T12:50:43Z" finished-at="2020-03-08T12:50:44Z">
          <reporter-output>
          </reporter-output>
        </test-method> <!-- SetUpClass -->
        <test-method status="PASS" signature="feature(cucumber.api.testng.CucumberFeatureWrapper)[pri:0, instance:com.cucumberFramework.testRunner.TestRunner@d818d1]" name="feature" duration-ms="26013" started-at="2020-03-08T12:50:44Z" description="Run all Cucumber features" data-provider="features" finished-at="2020-03-08T12:51:10Z">
          <params>
            <param index="0">
              <value>
                <![CDATA[Sign In]]>
              </value>
            </param>
          </params>
          <reporter-output>
          </reporter-output>
        </test-method> <!-- feature -->
        <test-method status="PASS" signature="tearDown()[pri:0, instance:com.cucumberFramework.testRunner.TestRunner@d818d1]" name="tearDown" is-config="true" duration-ms="217" started-at="2020-03-08T12:51:10Z" finished-at="2020-03-08T12:51:10Z">
          <reporter-output>
          </reporter-output>
        </test-method> <!-- tearDown -->
      </class> <!-- com.cucumberFramework.testRunner.TestRunner -->
    </test> <!-- Default test -->
  </suite> <!-- Default suite -->
</testng-results>
