<?xml version="1.0" encoding="UTF-8"?>
<!-- Generated by org.testng.reporters.JUnitXMLReporter -->
<testsuite hostname="Shuvendu-PC" ignored="0" name="Login test" tests="1" failures="1" timestamp="08 Dec 2019 21:01:14 GMT" time="30.23" errors="0">
  <testcase name="feature" time="29.32" classname="com.cucumberFramework.testRunner.TestRunner">
    <failure type="cucumber.runtime.CucumberException" message="java.lang.AssertionError: expected [Administrator] but found [ Administrator - Home - vtiger CRM 5 - Commercial Open Source CRM]">
      <![CDATA[cucumber.runtime.CucumberException: java.lang.AssertionError: expected [Administrator] but found [ Administrator - Home - vtiger CRM 5 - Commercial Open Source CRM]
at cucumber.api.testng.TestNGCucumberRunner.runCucumber(TestNGCucumberRunner.java:69)
at com.cucumberFramework.testRunner.TestRunner.feature(TestRunner.java:26)
Caused by: java.lang.AssertionError: expected [Administrator] but found [ Administrator - Home - vtiger CRM 5 - Commercial Open Source CRM]
at com.cucumberFramework.steepDefinations.loginstepDefinations.i_sould_see_application_homepage(loginstepDefinations.java:51)
at ✽.Then I sould see application homepage(login.feature:33)
... Removed 31 stack frames]]>
    </failure>
  </testcase> <!-- feature -->
</testsuite> <!-- Login test -->
